2025-09-05 00:04:05 [SpringApplicationShutdownHook] INFO  o.s.b.w.e.tomcat.GracefulShutdown - Commencing graceful shutdown. Waiting for active requests to complete
2025-09-05 00:04:05 [tomcat-shutdown] INFO  o.s.b.w.e.tomcat.GracefulShutdown - Graceful shutdown complete
2025-09-05 00:04:05 [SpringApplicationShutdownHook] INFO  o.s.o.j.LocalContainerEntityManagerFactoryBean - Closing JPA EntityManagerFactory for persistence unit 'default'
2025-09-05 00:04:05 [SpringApplicationShutdownHook] INFO  com.zaxxer.hikari.HikariDataSource - HikariPool-1 - Shutdown initiated...
2025-09-05 00:04:05 [SpringApplicationShutdownHook] INFO  com.zaxxer.hikari.HikariDataSource - HikariPool-1 - Shutdown completed.
2025-09-05 00:04:25 [main] INFO  com.shinki.shinki.ShinkiApplication - Starting ShinkiApplication using Java 21.0.7 with PID 14636 (D:\Project\Zetta_Git\shinki\target\classes started by zetta in D:\Project\Zetta_Git\shinki)
2025-09-05 00:04:25 [main] DEBUG com.shinki.shinki.ShinkiApplication - Running with Spring Boot v3.5.5, Spring v6.2.10
2025-09-05 00:04:25 [main] INFO  com.shinki.shinki.ShinkiApplication - No active profile set, falling back to 1 default profile: "default"
2025-09-05 00:04:26 [main] INFO  o.s.d.r.c.RepositoryConfigurationDelegate - Bootstrapping Spring Data JPA repositories in DEFAULT mode.
2025-09-05 00:04:26 [main] INFO  o.s.d.r.c.RepositoryConfigurationDelegate - Finished Spring Data repository scanning in 85 ms. Found 3 JPA repository interfaces.
2025-09-05 00:04:27 [main] INFO  o.s.b.w.e.tomcat.TomcatWebServer - Tomcat initialized with port 8080 (http)
2025-09-05 00:04:27 [main] INFO  o.a.catalina.core.StandardService - Starting service [Tomcat]
2025-09-05 00:04:27 [main] INFO  o.a.catalina.core.StandardEngine - Starting Servlet engine: [Apache Tomcat/10.1.44]
2025-09-05 00:04:27 [main] INFO  o.apache.jasper.servlet.TldScanner - At least one JAR was scanned for TLDs yet contained no TLDs. Enable debug logging for this logger for a complete list of JARs that were scanned but no TLDs were found in them. Skipping unneeded JARs during scanning can improve startup time and JSP compilation time.
2025-09-05 00:04:27 [main] INFO  o.a.c.c.C.[Tomcat].[localhost].[/] - Initializing Spring embedded WebApplicationContext
2025-09-05 00:04:27 [main] INFO  o.s.b.w.s.c.ServletWebServerApplicationContext - Root WebApplicationContext: initialization completed in 2087 ms
2025-09-05 00:04:28 [main] INFO  o.h.jpa.internal.util.LogHelper - HHH000204: Processing PersistenceUnitInfo [name: default]
2025-09-05 00:04:28 [main] INFO  org.hibernate.Version - HHH000412: Hibernate ORM core version 6.6.26.Final
2025-09-05 00:04:28 [main] INFO  o.h.c.i.RegionFactoryInitiator - HHH000026: Second-level cache disabled
2025-09-05 00:04:29 [main] INFO  o.s.o.j.p.SpringPersistenceUnitInfo - No LoadTimeWeaver setup: ignoring JPA class transformer
2025-09-05 00:04:29 [main] INFO  com.zaxxer.hikari.HikariDataSource - HikariPool-1 - Starting...
2025-09-05 00:04:29 [main] INFO  com.zaxxer.hikari.pool.HikariPool - HikariPool-1 - Added connection com.mysql.cj.jdbc.ConnectionImpl@43755e2f
2025-09-05 00:04:29 [main] INFO  com.zaxxer.hikari.HikariDataSource - HikariPool-1 - Start completed.
2025-09-05 00:04:29 [main] WARN  org.hibernate.orm.deprecation - HHH90000025: MySQLDialect does not need to be specified explicitly using 'hibernate.dialect' (remove the property setting and it will be selected by default)
2025-09-05 00:04:29 [main] INFO  o.hibernate.orm.connections.pooling - HHH10001005: Database info:
	Database JDBC URL [Connecting through datasource 'HikariDataSource (HikariPool-1)']
	Database driver: undefined/unknown
	Database version: 8.0.42
	Autocommit mode: undefined/unknown
	Isolation level: undefined/unknown
	Minimum pool size: undefined/unknown
	Maximum pool size: undefined/unknown
2025-09-05 00:04:30 [main] INFO  o.h.e.t.j.p.i.JtaPlatformInitiator - HHH000489: No JTA platform available (set 'hibernate.transaction.jta.platform' to enable JTA platform integration)
2025-09-05 00:04:30 [main] INFO  o.s.o.j.LocalContainerEntityManagerFactoryBean - Initialized JPA EntityManagerFactory for persistence unit 'default'
2025-09-05 00:04:31 [main] WARN  o.s.b.a.o.j.JpaBaseConfiguration$JpaWebConfiguration - spring.jpa.open-in-view is enabled by default. Therefore, database queries may be performed during view rendering. Explicitly configure spring.jpa.open-in-view to disable this warning
2025-09-05 00:04:31 [main] INFO  o.s.b.a.w.s.WelcomePageHandlerMapping - Adding welcome page template: index
2025-09-05 00:04:31 [main] INFO  o.s.b.w.e.tomcat.TomcatWebServer - Tomcat started on port 8080 (http) with context path '/'
2025-09-05 00:04:31 [main] INFO  com.shinki.shinki.ShinkiApplication - Started ShinkiApplication in 6.901 seconds (process running for 7.478)
2025-09-05 00:04:32 [main] DEBUG org.hibernate.SQL - 
    select
        count(*) 
    from
        member m1_0
2025-09-05 00:04:58 [http-nio-8080-exec-1] INFO  o.a.c.c.C.[Tomcat].[localhost].[/] - Initializing Spring DispatcherServlet 'dispatcherServlet'
2025-09-05 00:04:58 [http-nio-8080-exec-1] INFO  o.s.web.servlet.DispatcherServlet - Initializing Servlet 'dispatcherServlet'
2025-09-05 00:04:58 [http-nio-8080-exec-1] INFO  o.s.web.servlet.DispatcherServlet - Completed initialization in 10 ms
2025-09-05 00:04:58 [http-nio-8080-exec-1] DEBUG o.s.web.servlet.view.RedirectView - View name [redirect:], model {}
2025-09-05 00:04:58 [http-nio-8080-exec-2] DEBUG o.s.w.s.v.ContentNegotiatingViewResolver - Selected 'text/html' given [text/html, application/xhtml+xml, image/avif, image/webp, image/apng, application/xml;q=0.9, */*;q=0.8, application/signed-exchange;v=b3;q=0.7]
2025-09-05 00:04:58 [http-nio-8080-exec-2] DEBUG o.s.web.servlet.view.JstlView - View name [mypage/login], model {}
2025-09-05 00:04:58 [http-nio-8080-exec-2] DEBUG o.s.web.servlet.view.JstlView - Forwarding to [/WEB-INF/views/mypage/login.jsp]
2025-09-05 00:05:02 [http-nio-8080-exec-4] DEBUG org.hibernate.SQL - 
    select
        m1_0.id,
        m1_0.created_at,
        m1_0.department,
        m1_0.email,
        m1_0.hospital_name,
        m1_0.name,
        m1_0.password,
        m1_0.phone,
        m1_0.recommend_code,
        m1_0.recommended_employee,
        m1_0.updated_at,
        m1_0.username 
    from
        member m1_0 
    where
        m1_0.username=?
2025-09-05 00:05:02 [http-nio-8080-exec-4] DEBUG o.s.web.servlet.view.RedirectView - View name [redirect:], model {}
2025-09-05 00:05:02 [http-nio-8080-exec-5] DEBUG org.hibernate.SQL - 
    select
        m1_0.id,
        m1_0.created_at,
        m1_0.department,
        m1_0.email,
        m1_0.hospital_name,
        m1_0.name,
        m1_0.password,
        m1_0.phone,
        m1_0.recommend_code,
        m1_0.recommended_employee,
        m1_0.updated_at,
        m1_0.username 
    from
        member m1_0 
    where
        m1_0.username=?
2025-09-05 00:05:02 [http-nio-8080-exec-5] DEBUG o.s.w.s.v.ContentNegotiatingViewResolver - Selected 'text/html' given [text/html, application/xhtml+xml, image/avif, image/webp, image/apng, application/xml;q=0.9, */*;q=0.8, application/signed-exchange;v=b3;q=0.7]
2025-09-05 00:05:02 [http-nio-8080-exec-5] DEBUG o.s.web.servlet.view.JstlView - View name [mypage/profile], model {message=로그인되었습니다., member=com.shinki.shinki.entity.Member@7ef42cb1, org.springframework.validation.BindingResult.member=org.springframework.validation.BeanPropertyBindingResult: 0 errors}
2025-09-05 00:05:02 [http-nio-8080-exec-5] DEBUG o.s.web.servlet.view.JstlView - Forwarding to [/WEB-INF/views/mypage/profile.jsp]
2025-09-05 00:05:10 [http-nio-8080-exec-6] DEBUG org.hibernate.SQL - 
    select
        m1_0.id,
        m1_0.created_at,
        m1_0.department,
        m1_0.email,
        m1_0.hospital_name,
        m1_0.name,
        m1_0.password,
        m1_0.phone,
        m1_0.recommend_code,
        m1_0.recommended_employee,
        m1_0.updated_at,
        m1_0.username 
    from
        member m1_0 
    where
        m1_0.username=?
2025-09-05 00:05:10 [http-nio-8080-exec-6] DEBUG org.hibernate.SQL - 
    select
        r1_0.id,
        r1_0.application_type,
        r1_0.content,
        r1_0.created_at,
        r1_0.file_path,
        r1_0.member_id,
        r1_0.privacy_agreed,
        r1_0.privacy_agreement,
        r1_0.reg_condition,
        r1_0.status,
        r1_0.title,
        r1_0.updated_at 
    from
        request r1_0 
    left join
        member m1_0 
            on m1_0.id=r1_0.member_id 
    where
        m1_0.id=? 
    order by
        r1_0.created_at desc
2025-09-05 00:05:10 [http-nio-8080-exec-6] DEBUG o.s.w.s.v.ContentNegotiatingViewResolver - Selected 'text/html' given [text/html, application/xhtml+xml, image/avif, image/webp, image/apng, application/xml;q=0.9, */*;q=0.8, application/signed-exchange;v=b3;q=0.7]
2025-09-05 00:05:10 [http-nio-8080-exec-6] DEBUG o.s.web.servlet.view.JstlView - View name [mypage/orders], model {requests=[com.shinki.shinki.entity.Request@70784438, com.shinki.shinki.entity.Request@5b12ac71, com.shinki.shinki.entity.Request@4d67ba24, com.shinki.shinki.entity.Request@6d62e6d, com.shinki.shinki.entity.Request@343de30b], inProgressCount=0, completedCount=0}
2025-09-05 00:05:10 [http-nio-8080-exec-6] DEBUG o.s.web.servlet.view.JstlView - Forwarding to [/WEB-INF/views/mypage/orders.jsp]
2025-09-05 00:05:13 [http-nio-8080-exec-7] DEBUG org.hibernate.SQL - 
    select
        r1_0.id,
        r1_0.application_type,
        r1_0.content,
        r1_0.created_at,
        r1_0.file_path,
        r1_0.member_id,
        r1_0.privacy_agreed,
        r1_0.privacy_agreement,
        r1_0.reg_condition,
        r1_0.status,
        r1_0.title,
        r1_0.updated_at 
    from
        request r1_0 
    where
        r1_0.id=?
2025-09-05 00:05:13 [http-nio-8080-exec-7] DEBUG o.s.w.s.v.ContentNegotiatingViewResolver - Selected 'text/html' given [text/html, application/xhtml+xml, image/avif, image/webp, image/apng, application/xml;q=0.9, */*;q=0.8, application/signed-exchange;v=b3;q=0.7]
2025-09-05 00:05:13 [http-nio-8080-exec-7] DEBUG o.s.web.servlet.view.JstlView - View name [mypage/order-detail], model {request=com.shinki.shinki.entity.Request@4741dd68, org.springframework.validation.BindingResult.request=org.springframework.validation.BeanPropertyBindingResult: 0 errors}
2025-09-05 00:05:13 [http-nio-8080-exec-7] DEBUG o.s.web.servlet.view.JstlView - Forwarding to [/WEB-INF/views/mypage/order-detail.jsp]
2025-09-05 00:05:15 [http-nio-8080-exec-9] DEBUG org.hibernate.SQL - 
    select
        m1_0.id,
        m1_0.created_at,
        m1_0.department,
        m1_0.email,
        m1_0.hospital_name,
        m1_0.name,
        m1_0.password,
        m1_0.phone,
        m1_0.recommend_code,
        m1_0.recommended_employee,
        m1_0.updated_at,
        m1_0.username 
    from
        member m1_0 
    where
        m1_0.username=?
2025-09-05 00:05:15 [http-nio-8080-exec-9] DEBUG org.hibernate.SQL - 
    select
        r1_0.id,
        r1_0.application_type,
        r1_0.content,
        r1_0.created_at,
        r1_0.file_path,
        r1_0.member_id,
        r1_0.privacy_agreed,
        r1_0.privacy_agreement,
        r1_0.reg_condition,
        r1_0.status,
        r1_0.title,
        r1_0.updated_at 
    from
        request r1_0 
    where
        r1_0.id=?
2025-09-05 00:05:25 [http-nio-8080-exec-10] DEBUG org.hibernate.SQL - 
    select
        r1_0.id,
        r1_0.application_type,
        r1_0.content,
        r1_0.created_at,
        r1_0.file_path,
        r1_0.member_id,
        r1_0.privacy_agreed,
        r1_0.privacy_agreement,
        r1_0.reg_condition,
        r1_0.status,
        r1_0.title,
        r1_0.updated_at 
    from
        request r1_0 
    where
        r1_0.id=?
2025-09-05 00:05:25 [http-nio-8080-exec-10] DEBUG o.s.w.s.v.ContentNegotiatingViewResolver - Selected 'text/html' given [text/html, application/xhtml+xml, image/avif, image/webp, image/apng, application/xml;q=0.9, */*;q=0.8, application/signed-exchange;v=b3;q=0.7]
2025-09-05 00:05:25 [http-nio-8080-exec-10] DEBUG o.s.web.servlet.view.JstlView - View name [mypage/order-detail], model {request=com.shinki.shinki.entity.Request@3ad87f61, org.springframework.validation.BindingResult.request=org.springframework.validation.BeanPropertyBindingResult: 0 errors}
2025-09-05 00:05:25 [http-nio-8080-exec-10] DEBUG o.s.web.servlet.view.JstlView - Forwarding to [/WEB-INF/views/mypage/order-detail.jsp]
2025-09-05 00:05:32 [http-nio-8080-exec-1] DEBUG org.hibernate.SQL - 
    select
        m1_0.id,
        m1_0.created_at,
        m1_0.department,
        m1_0.email,
        m1_0.hospital_name,
        m1_0.name,
        m1_0.password,
        m1_0.phone,
        m1_0.recommend_code,
        m1_0.recommended_employee,
        m1_0.updated_at,
        m1_0.username 
    from
        member m1_0 
    where
        m1_0.username=?
2025-09-05 00:05:33 [http-nio-8080-exec-1] DEBUG o.s.w.s.v.ContentNegotiatingViewResolver - Selected 'text/html' given [text/html, application/xhtml+xml, image/avif, image/webp, image/apng, application/xml;q=0.9, */*;q=0.8, application/signed-exchange;v=b3;q=0.7]
2025-09-05 00:05:33 [http-nio-8080-exec-1] DEBUG o.s.web.servlet.view.JstlView - View name [mypage/request], model {memberId=1}
2025-09-05 00:05:33 [http-nio-8080-exec-1] DEBUG o.s.web.servlet.view.JstlView - Forwarding to [/WEB-INF/views/mypage/request.jsp]
2025-09-05 00:05:44 [http-nio-8080-exec-3] DEBUG org.hibernate.SQL - 
    select
        m1_0.id,
        m1_0.created_at,
        m1_0.department,
        m1_0.email,
        m1_0.hospital_name,
        m1_0.name,
        m1_0.password,
        m1_0.phone,
        m1_0.recommend_code,
        m1_0.recommended_employee,
        m1_0.updated_at,
        m1_0.username 
    from
        member m1_0 
    where
        m1_0.username=?
2025-09-05 00:05:44 [http-nio-8080-exec-3] DEBUG o.s.w.s.v.ContentNegotiatingViewResolver - Selected 'text/html' given [text/html, application/xhtml+xml, image/avif, image/webp, image/apng, application/xml;q=0.9, */*;q=0.8, application/signed-exchange;v=b3;q=0.7]
2025-09-05 00:05:44 [http-nio-8080-exec-3] DEBUG o.s.web.servlet.view.JstlView - View name [mypage/inquiry], model {memberId=1}
2025-09-05 00:05:44 [http-nio-8080-exec-3] DEBUG o.s.web.servlet.view.JstlView - Forwarding to [/WEB-INF/views/mypage/inquiry.jsp]
2025-09-05 00:05:44 [http-nio-8080-exec-2] DEBUG org.hibernate.SQL - 
    select
        m1_0.id,
        m1_0.created_at,
        m1_0.department,
        m1_0.email,
        m1_0.hospital_name,
        m1_0.name,
        m1_0.password,
        m1_0.phone,
        m1_0.recommend_code,
        m1_0.recommended_employee,
        m1_0.updated_at,
        m1_0.username 
    from
        member m1_0 
    where
        m1_0.username=?
2025-09-05 00:05:44 [http-nio-8080-exec-2] DEBUG o.s.w.s.v.ContentNegotiatingViewResolver - Selected 'text/html' given [text/html, application/xhtml+xml, image/avif, image/webp, image/apng, application/xml;q=0.9, */*;q=0.8, application/signed-exchange;v=b3;q=0.7]
2025-09-05 00:05:44 [http-nio-8080-exec-2] DEBUG o.s.web.servlet.view.JstlView - View name [mypage/inquiry], model {memberId=1}
2025-09-05 00:05:44 [http-nio-8080-exec-2] DEBUG o.s.web.servlet.view.JstlView - Forwarding to [/WEB-INF/views/mypage/inquiry.jsp]
2025-09-05 00:05:47 [http-nio-8080-exec-4] DEBUG org.hibernate.SQL - 
    select
        m1_0.id,
        m1_0.created_at,
        m1_0.department,
        m1_0.email,
        m1_0.hospital_name,
        m1_0.name,
        m1_0.password,
        m1_0.phone,
        m1_0.recommend_code,
        m1_0.recommended_employee,
        m1_0.updated_at,
        m1_0.username 
    from
        member m1_0 
    where
        m1_0.username=?
2025-09-05 00:05:48 [http-nio-8080-exec-4] INFO  c.s.shinki.service.InquiryService - getInquiriesByMemberId 호출 - memberId: 1
2025-09-05 00:05:48 [http-nio-8080-exec-4] DEBUG org.hibernate.SQL - 
    select
        i1_0.id,
        i1_0.admin_reply,
        i1_0.content,
        i1_0.created_at,
        i1_0.file_path,
        i1_0.inquiry_type,
        i1_0.member_id,
        i1_0.reply_date,
        i1_0.status,
        i1_0.updated_at 
    from
        inquiry i1_0 
    left join
        member m1_0 
            on m1_0.id=i1_0.member_id 
    where
        m1_0.id=? 
    order by
        i1_0.created_at desc
2025-09-05 00:05:48 [http-nio-8080-exec-4] INFO  c.s.shinki.service.InquiryService - 문의 조회 완료 - memberId: 1, 문의 수: 5
2025-09-05 00:05:48 [http-nio-8080-exec-4] INFO  c.s.s.controller.InquiryController - 문의 내역 조회 성공 - 사용자: admin, 문의 수: 5
2025-09-05 00:05:48 [http-nio-8080-exec-4] INFO  c.s.s.controller.InquiryController - Inquiry ID: 5, Type: 의뢰절차 문의, Content: 문의하기, CreatedAt: 2025-09-04 04:55:32.233, Status: 진행중
2025-09-05 00:05:48 [http-nio-8080-exec-4] INFO  c.s.s.controller.InquiryController - Inquiry ID: 4, Type: 기능문의, Content: dsfsfdsfs, CreatedAt: 2025-09-04 04:50:28.085, Status: 진행중
2025-09-05 00:05:48 [http-nio-8080-exec-4] INFO  c.s.s.controller.InquiryController - Inquiry ID: 3, Type: 기능문의, Content: dsfsfd, CreatedAt: 2025-09-04 04:46:50.217, Status: 진행중
2025-09-05 00:05:48 [http-nio-8080-exec-4] INFO  c.s.s.controller.InquiryController - Inquiry ID: 2, Type: 기능문의, Content: 문의 내용을 작성중입니다
내용 확인중, CreatedAt: 2025-09-03 19:44:31.469246, Status: 진행중
2025-09-05 00:05:48 [http-nio-8080-exec-4] INFO  c.s.s.controller.InquiryController - Inquiry ID: 1, Type: 기능문의, Content: dfsfs, CreatedAt: 2025-09-03 08:04:47.445269, Status: 진행중
2025-09-05 00:05:48 [http-nio-8080-exec-4] DEBUG o.s.w.s.v.ContentNegotiatingViewResolver - Selected 'text/html' given [text/html, application/xhtml+xml, image/avif, image/webp, image/apng, application/xml;q=0.9, */*;q=0.8, application/signed-exchange;v=b3;q=0.7]
2025-09-05 00:05:48 [http-nio-8080-exec-4] DEBUG o.s.web.servlet.view.JstlView - View name [mypage/inquiry-history], model {inquiries=[com.shinki.shinki.entity.Inquiry@6415fa88, com.shinki.shinki.entity.Inquiry@55f85412, com.shinki.shinki.entity.Inquiry@bfcdc77, com.shinki.shinki.entity.Inquiry@7d7dff5c, com.shinki.shinki.entity.Inquiry@36f79bc1]}
2025-09-05 00:05:48 [http-nio-8080-exec-4] DEBUG o.s.web.servlet.view.JstlView - Forwarding to [/WEB-INF/views/mypage/inquiry-history.jsp]
2025-09-05 00:05:56 [http-nio-8080-exec-5] DEBUG org.hibernate.SQL - 
    select
        m1_0.id,
        m1_0.created_at,
        m1_0.department,
        m1_0.email,
        m1_0.hospital_name,
        m1_0.name,
        m1_0.password,
        m1_0.phone,
        m1_0.recommend_code,
        m1_0.recommended_employee,
        m1_0.updated_at,
        m1_0.username 
    from
        member m1_0 
    where
        m1_0.username=?
2025-09-05 00:05:56 [http-nio-8080-exec-5] DEBUG o.s.w.s.v.ContentNegotiatingViewResolver - Selected 'text/html' given [text/html, application/xhtml+xml, image/avif, image/webp, image/apng, application/xml;q=0.9, */*;q=0.8, application/signed-exchange;v=b3;q=0.7]
2025-09-05 00:05:56 [http-nio-8080-exec-5] DEBUG o.s.web.servlet.view.JstlView - View name [mypage/inquiry], model {memberId=1}
2025-09-05 00:05:56 [http-nio-8080-exec-5] DEBUG o.s.web.servlet.view.JstlView - Forwarding to [/WEB-INF/views/mypage/inquiry.jsp]
2025-09-05 00:06:05 [http-nio-8080-exec-6] DEBUG org.hibernate.SQL - 
    select
        m1_0.id,
        m1_0.created_at,
        m1_0.department,
        m1_0.email,
        m1_0.hospital_name,
        m1_0.name,
        m1_0.password,
        m1_0.phone,
        m1_0.recommend_code,
        m1_0.recommended_employee,
        m1_0.updated_at,
        m1_0.username 
    from
        member m1_0 
    where
        m1_0.username=?
2025-09-05 00:06:05 [http-nio-8080-exec-6] DEBUG o.s.w.s.v.ContentNegotiatingViewResolver - Selected 'text/html' given [text/html, application/xhtml+xml, image/avif, image/webp, image/apng, application/xml;q=0.9, */*;q=0.8, application/signed-exchange;v=b3;q=0.7]
2025-09-05 00:06:05 [http-nio-8080-exec-6] DEBUG o.s.web.servlet.view.JstlView - View name [mypage/withdrawal], model {member=com.shinki.shinki.entity.Member@55248c98, org.springframework.validation.BindingResult.member=org.springframework.validation.BeanPropertyBindingResult: 0 errors}
2025-09-05 00:06:05 [http-nio-8080-exec-6] DEBUG o.s.web.servlet.view.JstlView - Forwarding to [/WEB-INF/views/mypage/withdrawal.jsp]
2025-09-05 00:06:12 [http-nio-8080-exec-7] DEBUG org.hibernate.SQL - 
    select
        m1_0.id,
        m1_0.created_at,
        m1_0.department,
        m1_0.email,
        m1_0.hospital_name,
        m1_0.name,
        m1_0.password,
        m1_0.phone,
        m1_0.recommend_code,
        m1_0.recommended_employee,
        m1_0.updated_at,
        m1_0.username 
    from
        member m1_0 
    where
        m1_0.username=?
2025-09-05 00:06:14 [http-nio-8080-exec-8] DEBUG org.hibernate.SQL - 
    select
        m1_0.id,
        m1_0.created_at,
        m1_0.department,
        m1_0.email,
        m1_0.hospital_name,
        m1_0.name,
        m1_0.password,
        m1_0.phone,
        m1_0.recommend_code,
        m1_0.recommended_employee,
        m1_0.updated_at,
        m1_0.username 
    from
        member m1_0 
    where
        m1_0.username=?
2025-09-05 00:06:15 [http-nio-8080-exec-8] DEBUG org.hibernate.SQL - 
    select
        r1_0.id,
        r1_0.application_type,
        r1_0.content,
        r1_0.created_at,
        r1_0.file_path,
        r1_0.member_id,
        r1_0.privacy_agreed,
        r1_0.privacy_agreement,
        r1_0.reg_condition,
        r1_0.status,
        r1_0.title,
        r1_0.updated_at 
    from
        request r1_0 
    left join
        member m1_0 
            on m1_0.id=r1_0.member_id 
    where
        m1_0.id=?
2025-09-05 00:06:15 [http-nio-8080-exec-8] DEBUG org.hibernate.SQL - 
    select
        i1_0.id,
        i1_0.admin_reply,
        i1_0.content,
        i1_0.created_at,
        i1_0.file_path,
        i1_0.inquiry_type,
        i1_0.member_id,
        i1_0.reply_date,
        i1_0.status,
        i1_0.updated_at 
    from
        inquiry i1_0 
    left join
        member m1_0 
            on m1_0.id=i1_0.member_id 
    where
        m1_0.id=?
2025-09-05 00:06:15 [http-nio-8080-exec-8] DEBUG org.hibernate.SQL - 
    delete 
    from
        request 
    where
        id=?
2025-09-05 00:06:15 [http-nio-8080-exec-8] DEBUG org.hibernate.SQL - 
    delete 
    from
        request 
    where
        id=?
2025-09-05 00:06:15 [http-nio-8080-exec-8] DEBUG org.hibernate.SQL - 
    delete 
    from
        request 
    where
        id=?
2025-09-05 00:06:15 [http-nio-8080-exec-8] DEBUG org.hibernate.SQL - 
    delete 
    from
        request 
    where
        id=?
2025-09-05 00:06:15 [http-nio-8080-exec-8] DEBUG org.hibernate.SQL - 
    delete 
    from
        request 
    where
        id=?
2025-09-05 00:06:15 [http-nio-8080-exec-8] DEBUG org.hibernate.SQL - 
    delete 
    from
        inquiry 
    where
        id=?
2025-09-05 00:06:15 [http-nio-8080-exec-8] DEBUG org.hibernate.SQL - 
    delete 
    from
        inquiry 
    where
        id=?
2025-09-05 00:06:15 [http-nio-8080-exec-8] DEBUG org.hibernate.SQL - 
    delete 
    from
        inquiry 
    where
        id=?
2025-09-05 00:06:15 [http-nio-8080-exec-8] DEBUG org.hibernate.SQL - 
    delete 
    from
        inquiry 
    where
        id=?
2025-09-05 00:06:15 [http-nio-8080-exec-8] DEBUG org.hibernate.SQL - 
    delete 
    from
        inquiry 
    where
        id=?
2025-09-05 00:06:15 [http-nio-8080-exec-8] DEBUG org.hibernate.SQL - 
    delete 
    from
        member 
    where
        id=?
2025-09-05 00:06:15 [http-nio-8080-exec-8] DEBUG o.s.web.servlet.view.RedirectView - View name [redirect:], model {}
2025-09-05 00:06:15 [http-nio-8080-exec-9] DEBUG o.s.w.s.v.ContentNegotiatingViewResolver - Selected 'text/html' given [text/html, application/xhtml+xml, image/avif, image/webp, image/apng, application/xml;q=0.9, */*;q=0.8, application/signed-exchange;v=b3;q=0.7]
2025-09-05 00:06:15 [http-nio-8080-exec-9] DEBUG o.s.web.servlet.view.JstlView - View name [mypage/login], model {message=회원탈퇴가 정상적으로 이루어졌습니다.}
2025-09-05 00:06:15 [http-nio-8080-exec-9] DEBUG o.s.web.servlet.view.JstlView - Forwarding to [/WEB-INF/views/mypage/login.jsp]
2025-09-05 00:06:44 [http-nio-8080-exec-10] DEBUG o.s.w.s.v.ContentNegotiatingViewResolver - Selected 'text/html' given [text/html, application/xhtml+xml, image/avif, image/webp, image/apng, application/xml;q=0.9, */*;q=0.8, application/signed-exchange;v=b3;q=0.7]
2025-09-05 00:06:44 [http-nio-8080-exec-10] DEBUG o.s.web.servlet.view.JstlView - View name [mypage/join], model {}
2025-09-05 00:06:44 [http-nio-8080-exec-10] DEBUG o.s.web.servlet.view.JstlView - Forwarding to [/WEB-INF/views/mypage/join.jsp]
2025-09-05 00:07:21 [http-nio-8080-exec-2] DEBUG org.hibernate.SQL - 
    select
        m1_0.id 
    from
        member m1_0 
    where
        m1_0.username=? 
    limit
        ?
2025-09-05 00:07:21 [http-nio-8080-exec-2] DEBUG org.hibernate.SQL - 
    insert 
    into
        member
        (created_at, department, email, hospital_name, name, password, phone, recommend_code, recommended_employee, updated_at, username) 
    values
        (?, ?, ?, ?, ?, ?, ?, ?, ?, ?, ?)
2025-09-05 00:07:21 [http-nio-8080-exec-2] DEBUG o.s.web.servlet.view.RedirectView - View name [redirect:], model {}
2025-09-05 00:07:21 [http-nio-8080-exec-3] DEBUG o.s.w.s.v.ContentNegotiatingViewResolver - Selected 'text/html' given [text/html, application/xhtml+xml, image/avif, image/webp, image/apng, application/xml;q=0.9, */*;q=0.8, application/signed-exchange;v=b3;q=0.7]
2025-09-05 00:07:21 [http-nio-8080-exec-3] DEBUG o.s.web.servlet.view.JstlView - View name [mypage/login], model {message=회원가입이 완료되었습니다.}
2025-09-05 00:07:21 [http-nio-8080-exec-3] DEBUG o.s.web.servlet.view.JstlView - Forwarding to [/WEB-INF/views/mypage/login.jsp]
2025-09-05 00:07:30 [http-nio-8080-exec-4] DEBUG org.hibernate.SQL - 
    select
        m1_0.id,
        m1_0.created_at,
        m1_0.department,
        m1_0.email,
        m1_0.hospital_name,
        m1_0.name,
        m1_0.password,
        m1_0.phone,
        m1_0.recommend_code,
        m1_0.recommended_employee,
        m1_0.updated_at,
        m1_0.username 
    from
        member m1_0 
    where
        m1_0.username=?
2025-09-05 00:07:30 [http-nio-8080-exec-4] DEBUG o.s.web.servlet.view.RedirectView - View name [redirect:], model {}
2025-09-05 00:07:30 [http-nio-8080-exec-5] DEBUG o.s.w.s.v.ContentNegotiatingViewResolver - Selected 'text/html' given [text/html, application/xhtml+xml, image/avif, image/webp, image/apng, application/xml;q=0.9, */*;q=0.8, application/signed-exchange;v=b3;q=0.7]
2025-09-05 00:07:30 [http-nio-8080-exec-5] DEBUG o.s.web.servlet.view.JstlView - View name [mypage/login], model {error=아이디 또는 비밀번호가 일치하지 않습니다.}
2025-09-05 00:07:30 [http-nio-8080-exec-5] DEBUG o.s.web.servlet.view.JstlView - Forwarding to [/WEB-INF/views/mypage/login.jsp]
2025-09-05 00:07:34 [http-nio-8080-exec-6] DEBUG org.hibernate.SQL - 
    select
        m1_0.id,
        m1_0.created_at,
        m1_0.department,
        m1_0.email,
        m1_0.hospital_name,
        m1_0.name,
        m1_0.password,
        m1_0.phone,
        m1_0.recommend_code,
        m1_0.recommended_employee,
        m1_0.updated_at,
        m1_0.username 
    from
        member m1_0 
    where
        m1_0.username=?
2025-09-05 00:07:34 [http-nio-8080-exec-6] DEBUG o.s.web.servlet.view.RedirectView - View name [redirect:], model {}
2025-09-05 00:07:34 [http-nio-8080-exec-7] DEBUG o.s.w.s.v.ContentNegotiatingViewResolver - Selected 'text/html' given [text/html, application/xhtml+xml, image/avif, image/webp, image/apng, application/xml;q=0.9, */*;q=0.8, application/signed-exchange;v=b3;q=0.7]
2025-09-05 00:07:34 [http-nio-8080-exec-7] DEBUG o.s.web.servlet.view.JstlView - View name [mypage/login], model {error=아이디 또는 비밀번호가 일치하지 않습니다.}
2025-09-05 00:07:34 [http-nio-8080-exec-7] DEBUG o.s.web.servlet.view.JstlView - Forwarding to [/WEB-INF/views/mypage/login.jsp]
2025-09-05 00:07:47 [http-nio-8080-exec-8] DEBUG org.hibernate.SQL - 
    select
        m1_0.id,
        m1_0.created_at,
        m1_0.department,
        m1_0.email,
        m1_0.hospital_name,
        m1_0.name,
        m1_0.password,
        m1_0.phone,
        m1_0.recommend_code,
        m1_0.recommended_employee,
        m1_0.updated_at,
        m1_0.username 
    from
        member m1_0 
    where
        m1_0.username=?
2025-09-05 00:07:47 [http-nio-8080-exec-8] DEBUG o.s.web.servlet.view.RedirectView - View name [redirect:], model {}
2025-09-05 00:07:47 [http-nio-8080-exec-9] DEBUG org.hibernate.SQL - 
    select
        m1_0.id,
        m1_0.created_at,
        m1_0.department,
        m1_0.email,
        m1_0.hospital_name,
        m1_0.name,
        m1_0.password,
        m1_0.phone,
        m1_0.recommend_code,
        m1_0.recommended_employee,
        m1_0.updated_at,
        m1_0.username 
    from
        member m1_0 
    where
        m1_0.username=?
2025-09-05 00:07:47 [http-nio-8080-exec-9] DEBUG o.s.w.s.v.ContentNegotiatingViewResolver - Selected 'text/html' given [text/html, application/xhtml+xml, image/avif, image/webp, image/apng, application/xml;q=0.9, */*;q=0.8, application/signed-exchange;v=b3;q=0.7]
2025-09-05 00:07:47 [http-nio-8080-exec-9] DEBUG o.s.web.servlet.view.JstlView - View name [mypage/profile], model {message=로그인되었습니다., member=com.shinki.shinki.entity.Member@442ae025, org.springframework.validation.BindingResult.member=org.springframework.validation.BeanPropertyBindingResult: 0 errors}
2025-09-05 00:07:47 [http-nio-8080-exec-9] DEBUG o.s.web.servlet.view.JstlView - Forwarding to [/WEB-INF/views/mypage/profile.jsp]
2025-09-05 00:07:53 [http-nio-8080-exec-10] DEBUG org.hibernate.SQL - 
    select
        m1_0.id,
        m1_0.created_at,
        m1_0.department,
        m1_0.email,
        m1_0.hospital_name,
        m1_0.name,
        m1_0.password,
        m1_0.phone,
        m1_0.recommend_code,
        m1_0.recommended_employee,
        m1_0.updated_at,
        m1_0.username 
    from
        member m1_0 
    where
        m1_0.username=?
2025-09-05 00:07:54 [http-nio-8080-exec-10] DEBUG o.s.w.s.v.ContentNegotiatingViewResolver - Selected 'text/html' given [text/html, application/xhtml+xml, image/avif, image/webp, image/apng, application/xml;q=0.9, */*;q=0.8, application/signed-exchange;v=b3;q=0.7]
2025-09-05 00:07:54 [http-nio-8080-exec-10] DEBUG o.s.web.servlet.view.JstlView - View name [mypage/request], model {memberId=2}
2025-09-05 00:07:54 [http-nio-8080-exec-10] DEBUG o.s.web.servlet.view.JstlView - Forwarding to [/WEB-INF/views/mypage/request.jsp]
